mode: set
github.com/searchspring/github-token-exchange/github.go:18.19,20.2 1 1
github.com/searchspring/github-token-exchange/github.go:30.97,39.16 3 0
github.com/searchspring/github-token-exchange/github.go:42.2,45.16 4 0
github.com/searchspring/github-token-exchange/github.go:48.2,50.16 3 0
github.com/searchspring/github-token-exchange/github.go:53.2,54.16 2 0
github.com/searchspring/github-token-exchange/github.go:57.2,58.16 2 0
github.com/searchspring/github-token-exchange/github.go:61.2,63.16 3 0
github.com/searchspring/github-token-exchange/github.go:66.2,68.16 3 0
github.com/searchspring/github-token-exchange/github.go:72.2,74.16 3 0
github.com/searchspring/github-token-exchange/github.go:77.2,78.27 2 0
github.com/searchspring/github-token-exchange/github.go:39.16,41.3 1 0
github.com/searchspring/github-token-exchange/github.go:45.16,47.3 1 0
github.com/searchspring/github-token-exchange/github.go:50.16,52.3 1 0
github.com/searchspring/github-token-exchange/github.go:54.16,56.3 1 0
github.com/searchspring/github-token-exchange/github.go:58.16,60.3 1 0
github.com/searchspring/github-token-exchange/github.go:63.16,65.3 1 0
github.com/searchspring/github-token-exchange/github.go:68.16,70.3 1 0
github.com/searchspring/github-token-exchange/github.go:74.16,76.3 1 0
github.com/searchspring/github-token-exchange/github.go:81.43,84.22 3 1
github.com/searchspring/github-token-exchange/github.go:87.2,87.23 1 1
github.com/searchspring/github-token-exchange/github.go:84.22,86.3 1 1
github.com/searchspring/github-token-exchange/main.go:26.13,31.2 4 0
github.com/searchspring/github-token-exchange/main.go:32.15,33.29 1 0
github.com/searchspring/github-token-exchange/main.go:36.2,36.44 1 0
github.com/searchspring/github-token-exchange/main.go:39.2,39.41 1 0
github.com/searchspring/github-token-exchange/main.go:42.2,42.45 1 0
github.com/searchspring/github-token-exchange/main.go:33.29,34.34 1 0
github.com/searchspring/github-token-exchange/main.go:36.44,37.49 1 0
github.com/searchspring/github-token-exchange/main.go:39.41,40.46 1 0
github.com/searchspring/github-token-exchange/main.go:42.45,43.50 1 0
github.com/searchspring/github-token-exchange/main.go:46.54,49.16 3 0
github.com/searchspring/github-token-exchange/main.go:52.2,52.17 1 0
github.com/searchspring/github-token-exchange/main.go:55.2,59.16 5 0
github.com/searchspring/github-token-exchange/main.go:63.2,69.23 2 0
github.com/searchspring/github-token-exchange/main.go:49.16,51.3 1 0
github.com/searchspring/github-token-exchange/main.go:52.17,54.3 1 0
github.com/searchspring/github-token-exchange/main.go:59.16,62.3 2 0
