mode: set
github.com/searchspring/github-token-exchange/github.go:20.19,25.2 2 1
github.com/searchspring/github-token-exchange/github.go:35.93,44.16 3 0
github.com/searchspring/github-token-exchange/github.go:47.2,50.16 4 0
github.com/searchspring/github-token-exchange/github.go:53.2,55.16 3 0
github.com/searchspring/github-token-exchange/github.go:58.2,59.16 2 0
github.com/searchspring/github-token-exchange/github.go:62.2,63.16 2 0
github.com/searchspring/github-token-exchange/github.go:66.2,68.16 3 0
github.com/searchspring/github-token-exchange/github.go:71.2,73.16 3 0
github.com/searchspring/github-token-exchange/github.go:77.2,79.16 3 0
github.com/searchspring/github-token-exchange/github.go:82.2,83.27 2 0
github.com/searchspring/github-token-exchange/github.go:44.16,46.3 1 0
github.com/searchspring/github-token-exchange/github.go:50.16,52.3 1 0
github.com/searchspring/github-token-exchange/github.go:55.16,57.3 1 0
github.com/searchspring/github-token-exchange/github.go:59.16,61.3 1 0
github.com/searchspring/github-token-exchange/github.go:63.16,65.3 1 0
github.com/searchspring/github-token-exchange/github.go:68.16,70.3 1 0
github.com/searchspring/github-token-exchange/github.go:73.16,75.3 1 0
github.com/searchspring/github-token-exchange/github.go:79.16,81.3 1 0
github.com/searchspring/github-token-exchange/github.go:86.43,89.22 3 1
github.com/searchspring/github-token-exchange/github.go:92.2,92.23 1 1
github.com/searchspring/github-token-exchange/github.go:89.22,91.3 1 1
github.com/searchspring/github-token-exchange/main.go:26.13,31.2 4 1
github.com/searchspring/github-token-exchange/main.go:33.15,34.29 1 1
github.com/searchspring/github-token-exchange/main.go:37.2,37.44 1 1
github.com/searchspring/github-token-exchange/main.go:40.2,40.41 1 1
github.com/searchspring/github-token-exchange/main.go:43.2,43.45 1 1
github.com/searchspring/github-token-exchange/main.go:34.29,35.34 1 1
github.com/searchspring/github-token-exchange/main.go:37.44,38.49 1 1
github.com/searchspring/github-token-exchange/main.go:40.41,41.46 1 1
github.com/searchspring/github-token-exchange/main.go:43.45,44.50 1 1
github.com/searchspring/github-token-exchange/main.go:48.54,50.16 2 1
github.com/searchspring/github-token-exchange/main.go:53.2,57.16 5 1
github.com/searchspring/github-token-exchange/main.go:61.2,67.23 2 1
github.com/searchspring/github-token-exchange/main.go:50.16,52.3 1 1
github.com/searchspring/github-token-exchange/main.go:57.16,60.3 2 0
